<?xml version="1.0" encoding="UTF-8"?>
<!-- Generated by org.testng.reporters.JUnitXMLReporter -->
<testsuite hostname="Agadia-4" name="Test" tests="3" failures="1" timestamp="10 Dec 2017 08:13:09 GMT" time="64.299" errors="0">
  <testcase name="TC101" time="15.629" classname="example_TestNG.Module1">
    <failure type="java.lang.NullPointerException">
      <![CDATA[java.lang.NullPointerException
	at library.Util.logEvent(Util.java:76)
	at example_TestNG.Module1.TC101(Module1.java:23)
... Removed 24 stack frames]]>
    </failure>
  </testcase> <!-- TC101 -->
  <testcase name="TC202" time="24.163" classname="example_TestNG.Module2"/>
  <testcase name="TC203" time="24.422" classname="example_TestNG.Module2"/>
</testsuite> <!-- Test -->
