<?xml version="1.0" encoding="UTF-8"?>
<testng-results skipped="0" failed="1" total="3" passed="2">
  <reporter-output>
  </reporter-output>
  <suite name="Suite" duration-ms="64299" started-at="2017-12-10T08:12:05Z" finished-at="2017-12-10T08:13:09Z">
    <groups>
      <group name="DBsuite">
        <method signature="Module2.TC203()[pri:0, instance:example_TestNG.Module2@28feb3fa]" name="TC203" class="example_TestNG.Module2"/>
      </group> <!-- DBsuite -->
      <group name="smokesuite">
        <method signature="Module1.TC101()[pri:0, instance:example_TestNG.Module1@2a5ca609]" name="TC101" class="example_TestNG.Module1"/>
        <method signature="Module2.TC202()[pri:0, instance:example_TestNG.Module2@28feb3fa]" name="TC202" class="example_TestNG.Module2"/>
        <method signature="Module2.TC203()[pri:0, instance:example_TestNG.Module2@28feb3fa]" name="TC203" class="example_TestNG.Module2"/>
      </group> <!-- smokesuite -->
    </groups>
    <test name="Test" duration-ms="64299" started-at="2017-12-10T08:12:05Z" finished-at="2017-12-10T08:13:09Z">
      <class name="example_TestNG.Module1">
        <test-method status="FAIL" signature="TC101()[pri:0, instance:example_TestNG.Module1@2a5ca609]" name="TC101" duration-ms="15629" started-at="2017-12-10T13:42:05Z" finished-at="2017-12-10T13:42:20Z">
          <exception class="java.lang.NullPointerException">
            <full-stacktrace>
              <![CDATA[java.lang.NullPointerException
	at library.Util.logEvent(Util.java:76)
	at example_TestNG.Module1.TC101(Module1.java:23)
	at sun.reflect.NativeMethodAccessorImpl.invoke0(Native Method)
	at sun.reflect.NativeMethodAccessorImpl.invoke(Unknown Source)
	at sun.reflect.DelegatingMethodAccessorImpl.invoke(Unknown Source)
	at java.lang.reflect.Method.invoke(Unknown Source)
	at org.testng.internal.MethodInvocationHelper.invokeMethod(MethodInvocationHelper.java:85)
	at org.testng.internal.Invoker.invokeMethod(Invoker.java:639)
	at org.testng.internal.Invoker.invokeTestMethod(Invoker.java:816)
	at org.testng.internal.Invoker.invokeTestMethods(Invoker.java:1124)
	at org.testng.internal.TestMethodWorker.invokeTestMethods(TestMethodWorker.java:125)
	at org.testng.internal.TestMethodWorker.run(TestMethodWorker.java:108)
	at org.testng.TestRunner.privateRun(TestRunner.java:774)
	at org.testng.TestRunner.run(TestRunner.java:624)
	at org.testng.SuiteRunner.runTest(SuiteRunner.java:359)
	at org.testng.SuiteRunner.runSequentially(SuiteRunner.java:354)
	at org.testng.SuiteRunner.privateRun(SuiteRunner.java:312)
	at org.testng.SuiteRunner.run(SuiteRunner.java:261)
	at org.testng.SuiteRunnerWorker.runSuite(SuiteRunnerWorker.java:52)
	at org.testng.SuiteRunnerWorker.run(SuiteRunnerWorker.java:86)
	at org.testng.TestNG.runSuitesSequentially(TestNG.java:1215)
	at org.testng.TestNG.runSuitesLocally(TestNG.java:1140)
	at org.testng.TestNG.run(TestNG.java:1048)
	at org.testng.remote.AbstractRemoteTestNG.run(AbstractRemoteTestNG.java:114)
	at org.testng.remote.RemoteTestNG.initAndRun(RemoteTestNG.java:251)
	at org.testng.remote.RemoteTestNG.main(RemoteTestNG.java:77)
]]>
            </full-stacktrace>
          </exception> <!-- java.lang.NullPointerException -->
          <reporter-output>
          </reporter-output>
        </test-method> <!-- TC101 -->
      </class> <!-- example_TestNG.Module1 -->
      <class name="example_TestNG.Module2">
        <test-method status="PASS" signature="TC202()[pri:0, instance:example_TestNG.Module2@28feb3fa]" name="TC202" duration-ms="24163" started-at="2017-12-10T13:42:21Z" finished-at="2017-12-10T13:42:45Z">
          <reporter-output>
          </reporter-output>
        </test-method> <!-- TC202 -->
        <test-method status="PASS" signature="TC203()[pri:0, instance:example_TestNG.Module2@28feb3fa]" name="TC203" duration-ms="24422" started-at="2017-12-10T13:42:45Z" finished-at="2017-12-10T13:43:09Z">
          <reporter-output>
          </reporter-output>
        </test-method> <!-- TC203 -->
      </class> <!-- example_TestNG.Module2 -->
    </test> <!-- Test -->
  </suite> <!-- Suite -->
</testng-results>
